{
    "files": {
        "library/__init__.py": {
            "excluded_lines": [],
            "executed_lines": [
                0
            ],
            "missing_lines": [],
            "summary": {
                "covered_lines": 0,
                "excluded_lines": 0,
                "missing_lines": 0,
                "num_statements": 0,
                "percent_covered": 100.0,
                "percent_covered_display": "100"
            }
        },
        "library/asgi.py": {
            "excluded_lines": [],
            "executed_lines": [],
            "missing_lines": [
                10,
                12,
                14,
                16
            ],
            "summary": {
                "covered_lines": 0,
                "excluded_lines": 0,
                "missing_lines": 4,
                "num_statements": 4,
                "percent_covered": 0.0,
                "percent_covered_display": "0"
            }
        },
        "library/settings.py": {
            "excluded_lines": [],
            "executed_lines": [
                1,
                2,
                3,
                4,
                5,
                8,
                11,
                14,
                16,
                20,
                34,
                45,
                55,
                57,
                73,
                76,
                94,
                113,
                115,
                117,
                119,
                121,
                123,
                125,
                126,
                128,
                130,
                131,
                132,
                133,
                134,
                135,
                137,
                138,
                139,
                140,
                141,
                142,
                143
            ],
            "missing_lines": [],
            "summary": {
                "covered_lines": 39,
                "excluded_lines": 0,
                "missing_lines": 0,
                "num_statements": 39,
                "percent_covered": 100.0,
                "percent_covered_display": "100"
            }
        },
        "library/urls.py": {
            "excluded_lines": [],
            "executed_lines": [
                1,
                2,
                4
            ],
            "missing_lines": [],
            "summary": {
                "covered_lines": 3,
                "excluded_lines": 0,
                "missing_lines": 0,
                "num_statements": 3,
                "percent_covered": 100.0,
                "percent_covered_display": "100"
            }
        },
        "library/wsgi.py": {
            "excluded_lines": [],
            "executed_lines": [],
            "missing_lines": [
                10,
                12,
                14,
                16
            ],
            "summary": {
                "covered_lines": 0,
                "excluded_lines": 0,
                "missing_lines": 4,
                "num_statements": 4,
                "percent_covered": 0.0,
                "percent_covered_display": "0"
            }
        },
        "library_app/__init__.py": {
            "excluded_lines": [],
            "executed_lines": [
                0
            ],
            "missing_lines": [],
            "summary": {
                "covered_lines": 0,
                "excluded_lines": 0,
                "missing_lines": 0,
                "num_statements": 0,
                "percent_covered": 100.0,
                "percent_covered_display": "100"
            }
        },
        "library_app/admin.py": {
            "excluded_lines": [],
            "executed_lines": [
                1,
                2,
                3,
                4,
                5,
                6,
                8,
                9,
                10,
                12,
                13,
                14,
                16,
                17,
                18,
                20,
                21,
                22,
                23,
                25,
                26,
                27,
                28,
                30,
                31,
                32,
                34,
                36,
                37,
                38,
                39,
                40,
                42,
                48,
                55,
                56,
                57,
                58,
                59,
                65,
                66,
                67,
                69,
                70,
                71
            ],
            "missing_lines": [
                43,
                49,
                50,
                51,
                52,
                53
            ],
            "summary": {
                "covered_lines": 45,
                "excluded_lines": 0,
                "missing_lines": 6,
                "num_statements": 51,
                "percent_covered": 88.23529411764706,
                "percent_covered_display": "88"
            }
        },
        "library_app/apps.py": {
            "excluded_lines": [],
            "executed_lines": [
                1,
                4,
                5,
                6
            ],
            "missing_lines": [],
            "summary": {
                "covered_lines": 4,
                "excluded_lines": 0,
                "missing_lines": 0,
                "num_statements": 4,
                "percent_covered": 100.0,
                "percent_covered_display": "100"
            }
        },
        "library_app/forms.py": {
            "excluded_lines": [],
            "executed_lines": [
                1,
                2,
                3,
                5,
                6,
                7,
                8,
                10,
                11,
                12,
                14,
                15,
                17,
                18,
                19,
                22,
                24,
                25,
                26,
                27,
                30,
                31,
                32,
                33
            ],
            "missing_lines": [
                20,
                28,
                29
            ],
            "summary": {
                "covered_lines": 24,
                "excluded_lines": 0,
                "missing_lines": 3,
                "num_statements": 27,
                "percent_covered": 88.88888888888889,
                "percent_covered_display": "89"
            }
        },
        "library_app/migrations/0001_initial.py": {
            "excluded_lines": [],
            "executed_lines": [
                3,
                4,
                5,
                6,
                9,
                11,
                13,
                16
            ],
            "missing_lines": [],
            "summary": {
                "covered_lines": 8,
                "excluded_lines": 0,
                "missing_lines": 0,
                "num_statements": 8,
                "percent_covered": 100.0,
                "percent_covered_display": "100"
            }
        },
        "library_app/migrations/0002_bookclient_alter_author_full_name_and_more.py": {
            "excluded_lines": [],
            "executed_lines": [
                3,
                4,
                5,
                6,
                7,
                10,
                12,
                17
            ],
            "missing_lines": [],
            "summary": {
                "covered_lines": 8,
                "excluded_lines": 0,
                "missing_lines": 0,
                "num_statements": 8,
                "percent_covered": 100.0,
                "percent_covered_display": "100"
            }
        },
        "library_app/migrations/0003_remove_client_full_name.py": {
            "excluded_lines": [],
            "executed_lines": [
                3,
                6,
                8,
                12
            ],
            "missing_lines": [],
            "summary": {
                "covered_lines": 4,
                "excluded_lines": 0,
                "missing_lines": 0,
                "num_statements": 4,
                "percent_covered": 100.0,
                "percent_covered_display": "100"
            }
        },
        "library_app/migrations/0004_book_price.py": {
            "excluded_lines": [],
            "executed_lines": [
                3,
                6,
                8,
                12
            ],
            "missing_lines": [],
            "summary": {
                "covered_lines": 4,
                "excluded_lines": 0,
                "missing_lines": 0,
                "num_statements": 4,
                "percent_covered": 100.0,
                "percent_covered_display": "100"
            }
        },
        "library_app/migrations/0005_book_file_alter_book_price.py": {
            "excluded_lines": [],
            "executed_lines": [
                3,
                4,
                7,
                9,
                13
            ],
            "missing_lines": [],
            "summary": {
                "covered_lines": 5,
                "excluded_lines": 0,
                "missing_lines": 0,
                "num_statements": 5,
                "percent_covered": 100.0,
                "percent_covered_display": "100"
            }
        },
        "library_app/migrations/__init__.py": {
            "excluded_lines": [],
            "executed_lines": [
                0
            ],
            "missing_lines": [],
            "summary": {
                "covered_lines": 0,
                "excluded_lines": 0,
                "missing_lines": 0,
                "num_statements": 0,
                "percent_covered": 100.0,
                "percent_covered_display": "100"
            }
        },
        "library_app/models.py": {
            "excluded_lines": [],
            "executed_lines": [
                1,
                2,
                3,
                4,
                5,
                6,
                7,
                8,
                10,
                11,
                13,
                14,
                15,
                19,
                20,
                21,
                26,
                27,
                28,
                33,
                34,
                36,
                37,
                39,
                40,
                42,
                43,
                52,
                53,
                55,
                56,
                65,
                66,
                68,
                69,
                71,
                76,
                77,
                79,
                80,
                81,
                82,
                83,
                85,
                86,
                87,
                89,
                94,
                95,
                97,
                98,
                99,
                100,
                101,
                103,
                108,
                109,
                110,
                113,
                114,
                117,
                118,
                119,
                120,
                121,
                122,
                123,
                124,
                125,
                126,
                127,
                128,
                129,
                130,
                131,
                134,
                135,
                136,
                137,
                138,
                139,
                140,
                147,
                152,
                153,
                157,
                162,
                163,
                166,
                167,
                169,
                170,
                171,
                172,
                173,
                176,
                177,
                181,
                186,
                189,
                190,
                191,
                194,
                195,
                197,
                198,
                202,
                207,
                210,
                211,
                212,
                215,
                216,
                218,
                219,
                220,
                221,
                222,
                224,
                225,
                229,
                236,
                237,
                239,
                240,
                242,
                243,
                244,
                245,
                248,
                249,
                250,
                252,
                253,
                254,
                257,
                258
            ],
            "missing_lines": [
                115,
                164,
                187,
                208
            ],
            "summary": {
                "covered_lines": 137,
                "excluded_lines": 0,
                "missing_lines": 4,
                "num_statements": 141,
                "percent_covered": 97.16312056737588,
                "percent_covered_display": "97"
            }
        },
        "library_app/serializers.py": {
            "excluded_lines": [],
            "executed_lines": [
                1,
                2,
                4,
                5,
                6,
                7,
                13,
                14,
                15,
                16,
                21,
                22,
                23,
                24
            ],
            "missing_lines": [],
            "summary": {
                "covered_lines": 14,
                "excluded_lines": 0,
                "missing_lines": 0,
                "num_statements": 14,
                "percent_covered": 100.0,
                "percent_covered_display": "100"
            }
        },
        "library_app/urls.py": {
            "excluded_lines": [],
            "executed_lines": [
                1,
                2,
                3,
                5,
                6,
                7,
                8,
                10
            ],
            "missing_lines": [],
            "summary": {
                "covered_lines": 8,
                "excluded_lines": 0,
                "missing_lines": 0,
                "num_statements": 8,
                "percent_covered": 100.0,
                "percent_covered_display": "100"
            }
        },
        "library_app/views.py": {
            "excluded_lines": [],
            "executed_lines": [
                1,
                2,
                3,
                4,
                5,
                6,
                8,
                9,
                10,
                12,
                13,
                23,
                24,
                25,
                26,
                27,
                28,
                30,
                31,
                32,
                33,
                34,
                35,
                36,
                37,
                38,
                40,
                41,
                42,
                43,
                44,
                45,
                46,
                47,
                48,
                49,
                50,
                52,
                53,
                54,
                55,
                56,
                61,
                63,
                64,
                65,
                67,
                68,
                69,
                71,
                73,
                80,
                81,
                87,
                88,
                89,
                90,
                91,
                92,
                95,
                96,
                97,
                98,
                99,
                100,
                102,
                104,
                105,
                106,
                108,
                109,
                110,
                111,
                112,
                113,
                114,
                115,
                116,
                117,
                119,
                121,
                132,
                133,
                134,
                135,
                136,
                137,
                138,
                139,
                140,
                141,
                144,
                146,
                147,
                148,
                149,
                151,
                161,
                162,
                163,
                164,
                165,
                166,
                167,
                168,
                169,
                170,
                173,
                175
            ],
            "missing_lines": [
                51,
                74,
                75,
                76,
                77,
                78,
                93,
                142,
                171
            ],
            "summary": {
                "covered_lines": 109,
                "excluded_lines": 0,
                "missing_lines": 9,
                "num_statements": 118,
                "percent_covered": 92.37288135593221,
                "percent_covered_display": "92"
            }
        },
        "manage.py": {
            "excluded_lines": [],
            "executed_lines": [
                2,
                3,
                4,
                7,
                9,
                10,
                11,
                18,
                21,
                22
            ],
            "missing_lines": [
                12,
                13
            ],
            "summary": {
                "covered_lines": 10,
                "excluded_lines": 0,
                "missing_lines": 2,
                "num_statements": 12,
                "percent_covered": 83.33333333333333,
                "percent_covered_display": "83"
            }
        },
        "tests/runner.py": {
            "excluded_lines": [],
            "executed_lines": [
                1,
                2,
                3,
                4,
                5,
                8,
                9,
                10,
                12,
                13,
                14,
                15,
                16,
                17
            ],
            "missing_lines": [],
            "summary": {
                "covered_lines": 14,
                "excluded_lines": 0,
                "missing_lines": 0,
                "num_statements": 14,
                "percent_covered": 100.0,
                "percent_covered_display": "100"
            }
        },
        "tests/test_add_funds.py": {
            "excluded_lines": [],
            "executed_lines": [
                1,
                2,
                4,
                6,
                7,
                9,
                10,
                11,
                12,
                13,
                15,
                16,
                17,
                19,
                20,
                21,
                23
            ],
            "missing_lines": [],
            "summary": {
                "covered_lines": 17,
                "excluded_lines": 0,
                "missing_lines": 0,
                "num_statements": 17,
                "percent_covered": 100.0,
                "percent_covered_display": "100"
            }
        },
        "tests/test_api.py": {
            "excluded_lines": [],
            "executed_lines": [
                1,
                2,
                3,
                4,
                5,
                7,
                10,
                11,
                12,
                13,
                14,
                15,
                18,
                19,
                21,
                22,
                23,
                24,
                26,
                27,
                29,
                30,
                32,
                33,
                36,
                37,
                40,
                43,
                44,
                47,
                48,
                50,
                51,
                58,
                59,
                66,
                68,
                69,
                70
            ],
            "missing_lines": [],
            "summary": {
                "covered_lines": 39,
                "excluded_lines": 0,
                "missing_lines": 0,
                "num_statements": 39,
                "percent_covered": 100.0,
                "percent_covered_display": "100"
            }
        },
        "tests/test_buy.py": {
            "excluded_lines": [],
            "executed_lines": [
                1,
                2,
                3,
                5,
                7,
                8,
                10,
                11,
                12,
                13,
                14,
                16,
                17,
                19,
                20,
                21,
                22,
                24,
                25,
                26,
                28,
                29,
                31,
                32,
                34,
                35,
                36,
                37,
                38,
                40,
                41,
                42,
                43
            ],
            "missing_lines": [],
            "summary": {
                "covered_lines": 33,
                "excluded_lines": 0,
                "missing_lines": 0,
                "num_statements": 33,
                "percent_covered": 100.0,
                "percent_covered_display": "100"
            }
        },
        "tests/test_forms.py": {
            "excluded_lines": [],
            "executed_lines": [
                1,
                2,
                3,
                5,
                14,
                15,
                17,
                18,
                20,
                21,
                22,
                24,
                25,
                26,
                28,
                29,
                30,
                32,
                33,
                35,
                36,
                38,
                39,
                41,
                42,
                44,
                45,
                46,
                49,
                50,
                51,
                53,
                54,
                56,
                57,
                59,
                60,
                62,
                63
            ],
            "missing_lines": [],
            "summary": {
                "covered_lines": 39,
                "excluded_lines": 0,
                "missing_lines": 0,
                "num_statements": 39,
                "percent_covered": 100.0,
                "percent_covered_display": "100"
            }
        },
        "tests/test_models.py": {
            "excluded_lines": [],
            "executed_lines": [
                1,
                2,
                3,
                4,
                5,
                7,
                9,
                10,
                11,
                12,
                13,
                14,
                15,
                17,
                18,
                19,
                21,
                22,
                23,
                31,
                32,
                33,
                35,
                36,
                37,
                39,
                40,
                41,
                43,
                44,
                47,
                48,
                49,
                50,
                52,
                58,
                59,
                61,
                62,
                64,
                71,
                78,
                79,
                82,
                84,
                85,
                87
            ],
            "missing_lines": [
                80,
                81
            ],
            "summary": {
                "covered_lines": 47,
                "excluded_lines": 0,
                "missing_lines": 2,
                "num_statements": 49,
                "percent_covered": 95.91836734693878,
                "percent_covered_display": "96"
            }
        },
        "tests/test_views.py": {
            "excluded_lines": [],
            "executed_lines": [
                1,
                2,
                3,
                4,
                5,
                6,
                8,
                9,
                10,
                11,
                12,
                13,
                14,
                16,
                17,
                18,
                20,
                21,
                22,
                24,
                25,
                26,
                27,
                28,
                30,
                31,
                32,
                33,
                34,
                37,
                39,
                41,
                43,
                45,
                46,
                47,
                49,
                50,
                51,
                52,
                54,
                56,
                64,
                71,
                77,
                78,
                80,
                81,
                82,
                84,
                85,
                87,
                88
            ],
            "missing_lines": [],
            "summary": {
                "covered_lines": 53,
                "excluded_lines": 0,
                "missing_lines": 0,
                "num_statements": 53,
                "percent_covered": 100.0,
                "percent_covered_display": "100"
            }
        }
    },
    "meta": {
        "branch_coverage": false,
        "format": 2,
        "show_contexts": false,
        "timestamp": "2024-05-10T17:38:16.204332",
        "version": "7.5.1"
    },
    "totals": {
        "covered_lines": 664,
        "excluded_lines": 0,
        "missing_lines": 34,
        "num_statements": 698,
        "percent_covered": 95.12893982808023,
        "percent_covered_display": "95"
    }
}