{"meta": {"format": 2, "version": "7.5.0", "timestamp": "2024-05-06T19:04:49.001514", "branch_coverage": false, "show_contexts": false}, "files": {"library/__init__.py": {"executed_lines": [0], "summary": {"covered_lines": 0, "num_statements": 0, "percent_covered": 100.0, "percent_covered_display": "100", "missing_lines": 0, "excluded_lines": 0}, "missing_lines": [], "excluded_lines": []}, "library/asgi.py": {"executed_lines": [], "summary": {"covered_lines": 0, "num_statements": 4, "percent_covered": 0.0, "percent_covered_display": "0", "missing_lines": 4, "excluded_lines": 0}, "missing_lines": [10, 12, 14, 16], "excluded_lines": []}, "library/settings.py": {"executed_lines": [1, 2, 3, 5, 8, 11, 14, 16, 21, 33, 44, 54, 56, 72, 75, 93, 112, 114, 116, 118, 120, 126, 131, 132], "summary": {"covered_lines": 24, "num_statements": 24, "percent_covered": 100.0, "percent_covered_display": "100", "missing_lines": 0, "excluded_lines": 0}, "missing_lines": [], "excluded_lines": []}, "library/urls.py": {"executed_lines": [1, 2, 4], "summary": {"covered_lines": 3, "num_statements": 3, "percent_covered": 100.0, "percent_covered_display": "100", "missing_lines": 0, "excluded_lines": 0}, "missing_lines": [], "excluded_lines": []}, "library/wsgi.py": {"executed_lines": [], "summary": {"covered_lines": 0, "num_statements": 4, "percent_covered": 0.0, "percent_covered_display": "0", "missing_lines": 4, "excluded_lines": 0}, "missing_lines": [10, 12, 14, 16], "excluded_lines": []}, "library_app/__init__.py": {"executed_lines": [0], "summary": {"covered_lines": 0, "num_statements": 0, "percent_covered": 100.0, "percent_covered_display": "100", "missing_lines": 0, "excluded_lines": 0}, "missing_lines": [], "excluded_lines": []}, "library_app/admin.py": {"executed_lines": [1, 2, 3, 4, 5, 6, 8, 9, 10, 12, 13, 14, 16, 17, 18, 20, 21, 22, 23, 25, 26, 27, 28, 30, 31, 32, 34, 36, 37, 38, 39, 40, 42, 47, 54, 55, 56, 57, 58, 64, 65, 66, 68, 69, 70], "summary": {"covered_lines": 45, "num_statements": 51, "percent_covered": 88.23529411764706, "percent_covered_display": "88", "missing_lines": 6, "excluded_lines": 0}, "missing_lines": [43, 48, 49, 50, 51, 52], "excluded_lines": []}, "library_app/apps.py": {"executed_lines": [1, 4, 5, 6], "summary": {"covered_lines": 4, "num_statements": 4, "percent_covered": 100.0, "percent_covered_display": "100", "missing_lines": 0, "excluded_lines": 0}, "missing_lines": [], "excluded_lines": []}, "library_app/forms.py": {"executed_lines": [1, 2, 3, 5, 6, 7, 8, 10, 11, 12, 14, 15, 17, 18, 19, 22, 24, 25, 26, 27, 30, 31, 32, 33], "summary": {"covered_lines": 24, "num_statements": 27, "percent_covered": 88.88888888888889, "percent_covered_display": "89", "missing_lines": 3, "excluded_lines": 0}, "missing_lines": [20, 28, 29], "excluded_lines": []}, "library_app/migrations/0001_initial.py": {"executed_lines": [3, 4, 5, 6, 9, 11, 13, 16], "summary": {"covered_lines": 8, "num_statements": 8, "percent_covered": 100.0, "percent_covered_display": "100", "missing_lines": 0, "excluded_lines": 0}, "missing_lines": [], "excluded_lines": []}, "library_app/migrations/0002_bookclient_alter_author_full_name_and_more.py": {"executed_lines": [3, 4, 5, 6, 7, 10, 12, 17], "summary": {"covered_lines": 8, "num_statements": 8, "percent_covered": 100.0, "percent_covered_display": "100", "missing_lines": 0, "excluded_lines": 0}, "missing_lines": [], "excluded_lines": []}, "library_app/migrations/0003_remove_client_full_name.py": {"executed_lines": [3, 6, 8, 12], "summary": {"covered_lines": 4, "num_statements": 4, "percent_covered": 100.0, "percent_covered_display": "100", "missing_lines": 0, "excluded_lines": 0}, "missing_lines": [], "excluded_lines": []}, "library_app/migrations/0004_book_price.py": {"executed_lines": [3, 6, 8, 12], "summary": {"covered_lines": 4, "num_statements": 4, "percent_covered": 100.0, "percent_covered_display": "100", "missing_lines": 0, "excluded_lines": 0}, "missing_lines": [], "excluded_lines": []}, "library_app/migrations/__init__.py": {"executed_lines": [0], "summary": {"covered_lines": 0, "num_statements": 0, "percent_covered": 100.0, "percent_covered_display": "100", "missing_lines": 0, "excluded_lines": 0}, "missing_lines": [], "excluded_lines": []}, "library_app/models.py": {"executed_lines": [1, 2, 3, 4, 5, 6, 7, 9, 10, 12, 13, 14, 18, 19, 20, 25, 26, 27, 32, 33, 35, 36, 38, 39, 41, 42, 51, 52, 54, 55, 64, 65, 67, 68, 70, 75, 76, 78, 79, 80, 81, 82, 84, 85, 86, 88, 93, 94, 96, 97, 98, 99, 100, 102, 107, 108, 109, 112, 113, 116, 117, 118, 119, 120, 121, 122, 123, 124, 125, 126, 127, 128, 129, 130, 133, 134, 135, 136, 137, 138, 139, 147, 148, 152, 157, 158, 160, 161, 162, 163, 164, 167, 168, 172, 177, 180, 181, 182, 185, 186, 188, 189, 193, 198, 201, 202, 203, 206, 207, 209, 210, 211, 212, 213, 215, 216, 220, 227, 228, 230, 231, 233, 234, 235, 236, 239, 240, 241, 243, 244, 245, 248, 249], "summary": {"covered_lines": 133, "num_statements": 136, "percent_covered": 97.79411764705883, "percent_covered_display": "98", "missing_lines": 3, "excluded_lines": 0}, "missing_lines": [114, 178, 199], "excluded_lines": []}, "library_app/serializers.py": {"executed_lines": [1, 2, 4, 5, 6, 7, 13, 14, 15, 16, 21, 22, 23, 24], "summary": {"covered_lines": 14, "num_statements": 14, "percent_covered": 100.0, "percent_covered_display": "100", "missing_lines": 0, "excluded_lines": 0}, "missing_lines": [], "excluded_lines": []}, "library_app/urls.py": {"executed_lines": [1, 2, 3, 5, 6, 7, 8, 10], "summary": {"covered_lines": 8, "num_statements": 8, "percent_covered": 100.0, "percent_covered_display": "100", "missing_lines": 0, "excluded_lines": 0}, "missing_lines": [], "excluded_lines": []}, "library_app/views.py": {"executed_lines": [1, 2, 3, 4, 5, 6, 8, 9, 10, 12, 13, 23, 24, 25, 26, 27, 28, 30, 31, 32, 33, 34, 35, 36, 37, 38, 40, 41, 42, 43, 44, 45, 46, 47, 48, 49, 50, 52, 53, 54, 55, 56, 61, 63, 64, 65, 67, 68, 69, 71, 73, 80, 81, 87, 88, 89, 90, 91, 92, 95, 96, 97, 98, 99, 100, 102, 104, 105, 106, 108, 109, 110, 111, 112, 113, 114, 115, 116, 117, 119, 121, 132, 133, 134, 135, 136, 137, 138, 139, 140, 141, 144, 146, 147, 148, 149, 151], "summary": {"covered_lines": 97, "num_statements": 105, "percent_covered": 92.38095238095238, "percent_covered_display": "92", "missing_lines": 8, "excluded_lines": 0}, "missing_lines": [51, 74, 75, 76, 77, 78, 93, 142], "excluded_lines": []}, "manage.py": {"executed_lines": [2, 3, 4, 7, 9, 10, 11, 18, 21, 22], "summary": {"covered_lines": 10, "num_statements": 12, "percent_covered": 83.33333333333333, "percent_covered_display": "83", "missing_lines": 2, "excluded_lines": 0}, "missing_lines": [12, 13], "excluded_lines": []}, "tests/runner.py": {"executed_lines": [1, 2, 3, 4, 5, 8, 9, 10, 12, 13, 14, 15, 16, 17], "summary": {"covered_lines": 14, "num_statements": 14, "percent_covered": 100.0, "percent_covered_display": "100", "missing_lines": 0, "excluded_lines": 0}, "missing_lines": [], "excluded_lines": []}, "tests/test_add_funds.py": {"executed_lines": [1, 2, 3, 5, 7, 8, 10, 11, 12, 13, 14, 16, 17, 18, 20, 21, 22, 24], "summary": {"covered_lines": 18, "num_statements": 18, "percent_covered": 100.0, "percent_covered_display": "100", "missing_lines": 0, "excluded_lines": 0}, "missing_lines": [], "excluded_lines": []}, "tests/test_api.py": {"executed_lines": [1, 2, 3, 4, 5, 7, 10, 11, 12, 13, 14, 15, 18, 19, 21, 22, 23, 24, 26, 27, 29, 30, 32, 33, 36, 37, 40, 43, 44, 47, 48, 50, 51, 58, 59, 66, 68, 69, 70], "summary": {"covered_lines": 39, "num_statements": 39, "percent_covered": 100.0, "percent_covered_display": "100", "missing_lines": 0, "excluded_lines": 0}, "missing_lines": [], "excluded_lines": []}, "tests/test_buy.py": {"executed_lines": [1, 2, 3, 5, 7, 8, 10, 11, 12, 13, 14, 16, 17, 19, 20, 21, 22, 24, 25, 26, 28, 29, 31, 32, 34, 35, 36, 37, 38, 40, 41, 42, 43], "summary": {"covered_lines": 33, "num_statements": 33, "percent_covered": 100.0, "percent_covered_display": "100", "missing_lines": 0, "excluded_lines": 0}, "missing_lines": [], "excluded_lines": []}, "tests/test_forms.py": {"executed_lines": [1, 2, 3, 5, 14, 15, 17, 18, 20, 21, 22, 24, 25, 26, 28, 29, 30, 32, 33, 35, 36, 38, 39, 41, 42, 44, 45, 46, 49, 50, 51, 53, 54, 56, 57, 59, 60, 62, 63], "summary": {"covered_lines": 39, "num_statements": 39, "percent_covered": 100.0, "percent_covered_display": "100", "missing_lines": 0, "excluded_lines": 0}, "missing_lines": [], "excluded_lines": []}, "tests/test_models.py": {"executed_lines": [1, 2, 3, 4, 5, 7, 9, 10, 11, 12, 13, 14, 15, 17, 18, 19, 21, 22, 23, 31, 32, 33, 35, 36, 37, 39, 40, 41, 43, 44, 47, 48, 49, 50, 52, 58, 59, 61, 62, 64, 71, 78, 79, 82, 84, 85, 87], "summary": {"covered_lines": 47, "num_statements": 49, "percent_covered": 95.91836734693878, "percent_covered_display": "96", "missing_lines": 2, "excluded_lines": 0}, "missing_lines": [80, 81], "excluded_lines": []}, "tests/test_views.py": {"executed_lines": [1, 2, 3, 4, 5, 6, 8, 9, 10, 11, 12, 13, 14, 16, 17, 18, 20, 21, 22, 24, 25, 26, 27, 28, 30, 31, 32, 33, 34, 37, 39, 41, 43, 45, 46, 47, 49, 50, 51, 52, 54, 56, 63, 70, 76, 77, 79, 80, 81, 83, 84, 86, 87], "summary": {"covered_lines": 53, "num_statements": 53, "percent_covered": 100.0, "percent_covered_display": "100", "missing_lines": 0, "excluded_lines": 0}, "missing_lines": [], "excluded_lines": []}}, "totals": {"covered_lines": 629, "num_statements": 661, "percent_covered": 95.15885022692889, "percent_covered_display": "95", "missing_lines": 32, "excluded_lines": 0}}